  Entity.cpp
C:\Users\nbarb\Documents\GitHub\FieldGame\TheField\TheField\TextDisplay.h(27,21): warning C4018:  '<': signed/unsigned mismatch
C:\Users\nbarb\Documents\GitHub\FieldGame\TheField\TheField\TextDisplay.h(56,45): warning C4018:  '<': signed/unsigned mismatch
C:\Users\nbarb\Documents\GitHub\FieldGame\TheField\TheField\Entity_Living.h(53,24): warning C4305:  'initializing': truncation from 'double' to 'float'
C:\Users\nbarb\Documents\GitHub\FieldGame\TheField\TheField\Entity.cpp(106,20): warning C4018:  '<': signed/unsigned mismatch
C:\Users\nbarb\Documents\GitHub\FieldGame\TheField\TheField\Entity.cpp(107,21): warning C4018:  '<': signed/unsigned mismatch
C:\Users\nbarb\Documents\GitHub\FieldGame\TheField\TheField\Entity.cpp(117,20): warning C4018:  '<': signed/unsigned mismatch
C:\Users\nbarb\Documents\GitHub\FieldGame\TheField\TheField\Entity.cpp(119,22): warning C4018:  '<': signed/unsigned mismatch
C:\Users\nbarb\Documents\GitHub\FieldGame\TheField\TheField\Entity.cpp(129,17): warning C4244:  'initializing': conversion from 'float' to 'int', possible loss of data
C:\Users\nbarb\Documents\GitHub\FieldGame\TheField\TheField\Entity.cpp(132,29): warning C4244:  '-=': conversion from 'float' to 'int', possible loss of data
C:\Users\nbarb\Documents\GitHub\FieldGame\TheField\TheField\Entity.cpp(137,9): warning C4244:  'return': conversion from 'int' to 'float', possible loss of data
C:\Users\nbarb\Documents\GitHub\FieldGame\TheField\TheField\Entity.cpp(142,20): warning C4018:  '<': signed/unsigned mismatch
C:\Users\nbarb\Documents\GitHub\FieldGame\TheField\TheField\Entity.cpp(143,21): warning C4018:  '<': signed/unsigned mismatch
C:\Users\nbarb\Documents\GitHub\FieldGame\TheField\TheField\Entity.cpp(163,20): warning C4018:  '<': signed/unsigned mismatch
C:\Users\nbarb\Documents\GitHub\FieldGame\TheField\TheField\Entity.cpp(164,21): warning C4018:  '<': signed/unsigned mismatch
C:\Users\nbarb\Documents\GitHub\FieldGame\TheField\TheField\Entity.cpp(176,20): warning C4018:  '<': signed/unsigned mismatch
C:\Users\nbarb\Documents\GitHub\FieldGame\TheField\TheField\Entity.cpp(177,21): warning C4018:  '<': signed/unsigned mismatch
C:\Users\nbarb\Documents\GitHub\FieldGame\TheField\TheField\Entity.cpp(187,20): warning C4018:  '<': signed/unsigned mismatch
C:\Users\nbarb\Documents\GitHub\FieldGame\TheField\TheField\Entity.cpp(189,22): warning C4018:  '<': signed/unsigned mismatch
C:\Users\nbarb\Documents\GitHub\FieldGame\TheField\TheField\Entity.cpp(200,20): warning C4018:  '<': signed/unsigned mismatch
C:\Users\nbarb\Documents\GitHub\FieldGame\TheField\TheField\Entity.cpp(202,22): warning C4018:  '<': signed/unsigned mismatch
C:\Users\nbarb\Documents\GitHub\FieldGame\TheField\TheField\Entity.cpp(212,20): warning C4018:  '<': signed/unsigned mismatch
C:\Users\nbarb\Documents\GitHub\FieldGame\TheField\TheField\Entity.cpp(223,20): warning C4018:  '<': signed/unsigned mismatch
C:\Users\nbarb\Documents\GitHub\FieldGame\TheField\TheField\Entity.cpp(224,21): warning C4018:  '<': signed/unsigned mismatch
C:\Users\nbarb\Documents\GitHub\FieldGame\TheField\TheField\Entity.cpp(246,20): warning C4018:  '<': signed/unsigned mismatch
C:\Users\nbarb\Documents\GitHub\FieldGame\TheField\TheField\Entity.cpp(259,20): warning C4018:  '<': signed/unsigned mismatch
  Entity_Constructed.cpp
C:\Users\nbarb\Documents\GitHub\FieldGame\TheField\TheField\Entity.cpp(260,21): warning C4018:  '<': signed/unsigned mismatch
C:\Users\nbarb\Documents\GitHub\FieldGame\TheField\TheField\TextDisplay.h(27,21): warning C4018:  '<': signed/unsigned mismatch
  Entity_Container.cpp
C:\Users\nbarb\Documents\GitHub\FieldGame\TheField\TheField\TextDisplay.h(56,45): warning C4018:  '<': signed/unsigned mismatch
C:\Users\nbarb\Documents\GitHub\FieldGame\TheField\TheField\TextDisplay.h(27,21): warning C4018:  '<': signed/unsigned mismatch
  Entity_Event.cpp
C:\Users\nbarb\Documents\GitHub\FieldGame\TheField\TheField\TextDisplay.h(56,45): warning C4018:  '<': signed/unsigned mismatch
C:\Users\nbarb\Documents\GitHub\FieldGame\TheField\TheField\TextDisplay.h(27,21): warning C4018:  '<': signed/unsigned mismatch
C:\Users\nbarb\Documents\GitHub\FieldGame\TheField\TheField\TextDisplay.h(56,45): warning C4018:  '<': signed/unsigned mismatch
  Entity_Fluid.cpp
C:\Users\nbarb\Documents\GitHub\FieldGame\TheField\TheField\Entity_Living.h(53,24): warning C4305:  'initializing': truncation from 'double' to 'float'
C:\Users\nbarb\Documents\GitHub\FieldGame\TheField\TheField\TextDisplay.h(27,21): warning C4018:  '<': signed/unsigned mismatch
C:\Users\nbarb\Documents\GitHub\FieldGame\TheField\TheField\TextDisplay.h(56,45): warning C4018:  '<': signed/unsigned mismatch
C:\Users\nbarb\Documents\GitHub\FieldGame\TheField\TheField\Entity_Living.h(53,24): warning C4305:  'initializing': truncation from 'double' to 'float'
C:\Users\nbarb\Documents\GitHub\FieldGame\TheField\TheField\Entity_Fluid.cpp(9,21): warning C4018:  '<': signed/unsigned mismatch
C:\Users\nbarb\Documents\GitHub\FieldGame\TheField\TheField\Entity_Fluid.cpp(43,20): warning C4018:  '<': signed/unsigned mismatch
  Entity_Food.cpp
C:\Users\nbarb\Documents\GitHub\FieldGame\TheField\TheField\Entity_Fluid.cpp(44,21): warning C4018:  '<': signed/unsigned mismatch
C:\Users\nbarb\Documents\GitHub\FieldGame\TheField\TheField\TextDisplay.h(27,21): warning C4018:  '<': signed/unsigned mismatch
  Entity_Interior.cpp
C:\Users\nbarb\Documents\GitHub\FieldGame\TheField\TheField\TextDisplay.h(56,45): warning C4018:  '<': signed/unsigned mismatch
C:\Users\nbarb\Documents\GitHub\FieldGame\TheField\TheField\TextDisplay.h(27,21): warning C4018:  '<': signed/unsigned mismatch
C:\Users\nbarb\Documents\GitHub\FieldGame\TheField\TheField\TextDisplay.h(56,45): warning C4018:  '<': signed/unsigned mismatch
C:\Users\nbarb\Documents\GitHub\FieldGame\TheField\TheField\Entity_Living.h(53,24): warning C4305:  'initializing': truncation from 'double' to 'float'
C:\Users\nbarb\Documents\GitHub\FieldGame\TheField\TheField\Entity_Interior.cpp(24,33): warning C4018:  '>=': signed/unsigned mismatch
C:\Users\nbarb\Documents\GitHub\FieldGame\TheField\TheField\Entity_Interior.cpp(28,20): warning C4018:  '<': signed/unsigned mismatch
  Entity_Living.cpp
C:\Users\nbarb\Documents\GitHub\FieldGame\TheField\TheField\Entity_Interior.cpp(72,20): warning C4018:  '<': signed/unsigned mismatch
C:\Users\nbarb\Documents\GitHub\FieldGame\TheField\TheField\TextDisplay.h(27,21): warning C4018:  '<': signed/unsigned mismatch
C:\Users\nbarb\Documents\GitHub\FieldGame\TheField\TheField\TextDisplay.h(56,45): warning C4018:  '<': signed/unsigned mismatch
  Entity_Mechanisim.cpp
C:\Users\nbarb\Documents\GitHub\FieldGame\TheField\TheField\Entity_Living.h(53,24): warning C4305:  'initializing': truncation from 'double' to 'float'
C:\Users\nbarb\Documents\GitHub\FieldGame\TheField\TheField\TextDisplay.h(27,21): warning C4018:  '<': signed/unsigned mismatch
C:\Users\nbarb\Documents\GitHub\FieldGame\TheField\TheField\TextDisplay.h(56,45): warning C4018:  '<': signed/unsigned mismatch
C:\Users\nbarb\Documents\GitHub\FieldGame\TheField\TheField\Entity_Living.h(53,24): warning C4305:  'initializing': truncation from 'double' to 'float'
C:\Users\nbarb\Documents\GitHub\FieldGame\TheField\TheField\Entity_Mechanisim.cpp(8,20): warning C4018:  '<': signed/unsigned mismatch
C:\Users\nbarb\Documents\GitHub\FieldGame\TheField\TheField\Entity_Mechanisim.cpp(9,21): warning C4018:  '<': signed/unsigned mismatch
C:\Users\nbarb\Documents\GitHub\FieldGame\TheField\TheField\Entity_Mechanisim.cpp(19,28): warning C4018:  '<': signed/unsigned mismatch
C:\Users\nbarb\Documents\GitHub\FieldGame\TheField\TheField\Entity_Mechanisim.cpp(31,20): warning C4018:  '<': signed/unsigned mismatch
  Entity_Npc.cpp
C:\Users\nbarb\Documents\GitHub\FieldGame\TheField\TheField\Entity_Mechanisim.cpp(33,22): warning C4018:  '<': signed/unsigned mismatch
C:\Users\nbarb\Documents\GitHub\FieldGame\TheField\TheField\TextDisplay.h(27,21): warning C4018:  '<': signed/unsigned mismatch
C:\Users\nbarb\Documents\GitHub\FieldGame\TheField\TheField\TextDisplay.h(56,45): warning C4018:  '<': signed/unsigned mismatch
C:\Users\nbarb\Documents\GitHub\FieldGame\TheField\TheField\Entity_Living.h(53,24): warning C4305:  'initializing': truncation from 'double' to 'float'
  Entity_Player.cpp
C:\Users\nbarb\Documents\GitHub\FieldGame\TheField\TheField\DialogTree.h(28,44): warning C4018:  '>=': signed/unsigned mismatch
C:\Users\nbarb\Documents\GitHub\FieldGame\TheField\TheField\TextDisplay.h(27,21): warning C4018:  '<': signed/unsigned mismatch
C:\Users\nbarb\Documents\GitHub\FieldGame\TheField\TheField\TextDisplay.h(56,45): warning C4018:  '<': signed/unsigned mismatch
C:\Users\nbarb\Documents\GitHub\FieldGame\TheField\TheField\Entity_Living.h(53,24): warning C4305:  'initializing': truncation from 'double' to 'float'
C:\Users\nbarb\Documents\GitHub\FieldGame\TheField\TheField\Entity_Player.cpp(70,20): warning C4018:  '<': signed/unsigned mismatch
C:\Users\nbarb\Documents\GitHub\FieldGame\TheField\TheField\Entity_Player.cpp(75,23): warning C4018:  '<': signed/unsigned mismatch
C:\Users\nbarb\Documents\GitHub\FieldGame\TheField\TheField\Entity_Player.cpp(79,25): warning C4018:  '<': signed/unsigned mismatch
C:\Users\nbarb\Documents\GitHub\FieldGame\TheField\TheField\Entity_Player.cpp(89,20): warning C4018:  '<': signed/unsigned mismatch
C:\Users\nbarb\Documents\GitHub\FieldGame\TheField\TheField\Entity_Player.cpp(94,23): warning C4018:  '<': signed/unsigned mismatch
C:\Users\nbarb\Documents\GitHub\FieldGame\TheField\TheField\Entity_Player.cpp(98,25): warning C4018:  '<': signed/unsigned mismatch
C:\Users\nbarb\Documents\GitHub\FieldGame\TheField\TheField\Entity_Player.cpp(122,20): warning C4018:  '<': signed/unsigned mismatch
C:\Users\nbarb\Documents\GitHub\FieldGame\TheField\TheField\Entity_Player.cpp(135,20): warning C4018:  '<': signed/unsigned mismatch
C:\Users\nbarb\Documents\GitHub\FieldGame\TheField\TheField\Entity_Player.cpp(192,20): warning C4018:  '<': signed/unsigned mismatch
C:\Users\nbarb\Documents\GitHub\FieldGame\TheField\TheField\Entity_Player.cpp(193,21): warning C4018:  '<': signed/unsigned mismatch
C:\Users\nbarb\Documents\GitHub\FieldGame\TheField\TheField\Entity_Player.cpp(204,20): warning C4018:  '<': signed/unsigned mismatch
C:\Users\nbarb\Documents\GitHub\FieldGame\TheField\TheField\Entity_Player.cpp(205,21): warning C4018:  '<': signed/unsigned mismatch
C:\Users\nbarb\Documents\GitHub\FieldGame\TheField\TheField\Entity_Player.cpp(208,23): warning C4018:  '<': signed/unsigned mismatch
C:\Users\nbarb\Documents\GitHub\FieldGame\TheField\TheField\Entity_Player.cpp(223,20): warning C4018:  '<': signed/unsigned mismatch
C:\Users\nbarb\Documents\GitHub\FieldGame\TheField\TheField\Entity_Player.cpp(224,21): warning C4018:  '<': signed/unsigned mismatch
C:\Users\nbarb\Documents\GitHub\FieldGame\TheField\TheField\Entity_Player.cpp(227,23): warning C4018:  '<': signed/unsigned mismatch
C:\Users\nbarb\Documents\GitHub\FieldGame\TheField\TheField\Entity_Player.cpp(243,20): warning C4018:  '<': signed/unsigned mismatch
C:\Users\nbarb\Documents\GitHub\FieldGame\TheField\TheField\Entity_Player.cpp(244,21): warning C4018:  '<': signed/unsigned mismatch
C:\Users\nbarb\Documents\GitHub\FieldGame\TheField\TheField\Entity_Player.cpp(250,26): warning C4018:  '<': signed/unsigned mismatch
  Entity_Readable.cpp
C:\Users\nbarb\Documents\GitHub\FieldGame\TheField\TheField\Entity_Player.cpp(304,21): warning C4018:  '<': signed/unsigned mismatch
C:\Users\nbarb\Documents\GitHub\FieldGame\TheField\TheField\TextDisplay.h(27,21): warning C4018:  '<': signed/unsigned mismatch
C:\Users\nbarb\Documents\GitHub\FieldGame\TheField\TheField\TextDisplay.h(56,45): warning C4018:  '<': signed/unsigned mismatch
  Entity_Room.cpp
C:\Users\nbarb\Documents\GitHub\FieldGame\TheField\TheField\Entity_Living.h(53,24): warning C4305:  'initializing': truncation from 'double' to 'float'
C:\Users\nbarb\Documents\GitHub\FieldGame\TheField\TheField\TextDisplay.h(27,21): warning C4018:  '<': signed/unsigned mismatch
  InteractionManager.cpp
C:\Users\nbarb\Documents\GitHub\FieldGame\TheField\TheField\TextDisplay.h(56,45): warning C4018:  '<': signed/unsigned mismatch
C:\Users\nbarb\Documents\GitHub\FieldGame\TheField\TheField\TextDisplay.h(27,21): warning C4018:  '<': signed/unsigned mismatch
C:\Users\nbarb\Documents\GitHub\FieldGame\TheField\TheField\TextDisplay.h(56,45): warning C4018:  '<': signed/unsigned mismatch
C:\Users\nbarb\Documents\GitHub\FieldGame\TheField\TheField\Entity_Living.h(53,24): warning C4305:  'initializing': truncation from 'double' to 'float'
C:\Users\nbarb\Documents\GitHub\FieldGame\TheField\TheField\DialogTree.h(28,44): warning C4018:  '>=': signed/unsigned mismatch
C:\Users\nbarb\Documents\GitHub\FieldGame\TheField\TheField\InteractionManager.cpp(40,21): warning C4018:  '<': signed/unsigned mismatch
C:\Users\nbarb\Documents\GitHub\FieldGame\TheField\TheField\InteractionManager.cpp(47,21): warning C4018:  '<': signed/unsigned mismatch
C:\Users\nbarb\Documents\GitHub\FieldGame\TheField\TheField\InteractionManager.cpp(65,22): warning C4018:  '<': signed/unsigned mismatch
C:\Users\nbarb\Documents\GitHub\FieldGame\TheField\TheField\InteractionManager.cpp(363,25): warning C4018:  '>=': signed/unsigned mismatch
C:\Users\nbarb\Documents\GitHub\FieldGame\TheField\TheField\InteractionManager.cpp(474,9): warning C4018:  '<': signed/unsigned mismatch
C:\Users\nbarb\Documents\GitHub\FieldGame\TheField\TheField\InteractionManager.cpp(479,31): warning C4018:  '<': signed/unsigned mismatch
C:\Users\nbarb\Documents\GitHub\FieldGame\TheField\TheField\InteractionManager.cpp(486,31): warning C4018:  '<': signed/unsigned mismatch
C:\Users\nbarb\Documents\GitHub\FieldGame\TheField\TheField\InteractionManager.cpp(493,33): warning C4018:  '<': signed/unsigned mismatch
C:\Users\nbarb\Documents\GitHub\FieldGame\TheField\TheField\InteractionManager.cpp(577,20): warning C4018:  '<': signed/unsigned mismatch
  ObservationManager.cpp
C:\Users\nbarb\Documents\GitHub\FieldGame\TheField\TheField\InteractionManager.cpp(583,9): warning C4018:  '<': signed/unsigned mismatch
C:\Users\nbarb\Documents\GitHub\FieldGame\TheField\TheField\TextDisplay.h(27,21): warning C4018:  '<': signed/unsigned mismatch
C:\Users\nbarb\Documents\GitHub\FieldGame\TheField\TheField\TextDisplay.h(56,45): warning C4018:  '<': signed/unsigned mismatch
C:\Users\nbarb\Documents\GitHub\FieldGame\TheField\TheField\ObservationManager.cpp(13,20): warning C4018:  '<': signed/unsigned mismatch
C:\Users\nbarb\Documents\GitHub\FieldGame\TheField\TheField\ObservationManager.cpp(33,23): warning C4018:  '<': signed/unsigned mismatch
C:\Users\nbarb\Documents\GitHub\FieldGame\TheField\TheField\ObservationManager.cpp(168,20): warning C4018:  '<': signed/unsigned mismatch
C:\Users\nbarb\Documents\GitHub\FieldGame\TheField\TheField\ObservationManager.cpp(176,21): warning C4018:  '<': signed/unsigned mismatch
  TheField.cpp
C:\Users\nbarb\Documents\GitHub\FieldGame\TheField\TheField\ObservationManager.cpp(198,20): warning C4018:  '<': signed/unsigned mismatch
C:\Users\nbarb\Documents\GitHub\FieldGame\TheField\TheField\TextDisplay.h(27,21): warning C4018:  '<': signed/unsigned mismatch
C:\Users\nbarb\Documents\GitHub\FieldGame\TheField\TheField\TextDisplay.h(56,45): warning C4018:  '<': signed/unsigned mismatch
C:\Users\nbarb\Documents\GitHub\FieldGame\TheField\TheField\Entity_Living.h(53,24): warning C4305:  'initializing': truncation from 'double' to 'float'
C:\Users\nbarb\Documents\GitHub\FieldGame\TheField\TheField\DialogTree.h(28,44): warning C4018:  '>=': signed/unsigned mismatch
C:\Users\nbarb\Documents\GitHub\FieldGame\TheField\TheField\TheField.cpp(16,43): warning C4244:  'argument': conversion from 'float' to 'unsigned int', possible loss of data
  World.cpp
C:\Users\nbarb\Documents\GitHub\FieldGame\TheField\TheField\TheField.cpp(16,40): warning C4244:  'argument': conversion from 'float' to 'unsigned int', possible loss of data
C:\Users\nbarb\Documents\GitHub\FieldGame\TheField\TheField\TextDisplay.h(27,21): warning C4018:  '<': signed/unsigned mismatch
C:\Users\nbarb\Documents\GitHub\FieldGame\TheField\TheField\TextDisplay.h(56,45): warning C4018:  '<': signed/unsigned mismatch
C:\Users\nbarb\Documents\GitHub\FieldGame\TheField\TheField\Entity_Living.h(53,24): warning C4305:  'initializing': truncation from 'double' to 'float'
C:\Users\nbarb\Documents\GitHub\FieldGame\TheField\TheField\DialogTree.h(28,44): warning C4018:  '>=': signed/unsigned mismatch
C:\Users\nbarb\Documents\GitHub\FieldGame\TheField\TheField\World.cpp(36,20): warning C4018:  '<': signed/unsigned mismatch
  Generating code
  2 of 1383 functions ( 0.1%) were compiled, the rest were copied from previous compilation.
    0 functions were new in current compilation
    3 functions had inline decision re-evaluated but remain unchanged
  Finished generating code
  TheField.vcxproj -> C:\Users\nbarb\Documents\GitHub\FieldGame\TheField\Release\TheField.exe
